{"C:\\git\\habit-tracking-api\\src\\domains\\habit\\models\\completion-habit.ts": {"path":"C:\\git\\habit-tracking-api\\src\\domains\\habit\\models\\completion-habit.ts","statementMap":{"0":{"start":{"line":13,"column":4},"end":{"line":13,"column":null}},"1":{"start":{"line":23,"column":4},"end":{"line":29,"column":null}},"2":{"start":{"line":33,"column":4},"end":{"line":35,"column":null}},"3":{"start":{"line":34,"column":6},"end":{"line":34,"column":null}},"4":{"start":{"line":36,"column":4},"end":{"line":38,"column":null}},"5":{"start":{"line":37,"column":6},"end":{"line":37,"column":null}},"6":{"start":{"line":40,"column":20},"end":{"line":40,"column":null}},"7":{"start":{"line":41,"column":4},"end":{"line":45,"column":null}},"8":{"start":{"line":42,"column":6},"end":{"line":44,"column":null}},"9":{"start":{"line":46,"column":4},"end":{"line":46,"column":null}},"10":{"start":{"line":50,"column":4},"end":{"line":52,"column":null}},"11":{"start":{"line":51,"column":6},"end":{"line":51,"column":null}},"12":{"start":{"line":53,"column":4},"end":{"line":55,"column":null}},"13":{"start":{"line":54,"column":6},"end":{"line":54,"column":null}},"14":{"start":{"line":57,"column":20},"end":{"line":57,"column":null}},"15":{"start":{"line":58,"column":4},"end":{"line":62,"column":null}},"16":{"start":{"line":59,"column":6},"end":{"line":61,"column":null}},"17":{"start":{"line":63,"column":4},"end":{"line":63,"column":null}}},"fnMap":{"0":{"name":"(anonymous_0)","decl":{"start":{"line":6,"column":10},"end":{"line":6,"column":null}},"loc":{"start":{"line":12,"column":4},"end":{"line":14,"column":null}},"line":12},"1":{"name":"(anonymous_1)","decl":{"start":{"line":16,"column":9},"end":{"line":16,"column":null}},"loc":{"start":{"line":22,"column":21},"end":{"line":30,"column":null}},"line":22},"2":{"name":"(anonymous_2)","decl":{"start":{"line":32,"column":2},"end":{"line":32,"column":16}},"loc":{"start":{"line":32,"column":34},"end":{"line":47,"column":null}},"line":32},"3":{"name":"(anonymous_3)","decl":{"start":{"line":49,"column":2},"end":{"line":49,"column":13}},"loc":{"start":{"line":49,"column":31},"end":{"line":64,"column":null}},"line":49}},"branchMap":{"0":{"loc":{"start":{"line":33,"column":4},"end":{"line":35,"column":null}},"type":"if","locations":[{"start":{"line":33,"column":4},"end":{"line":35,"column":null}},{"start":{},"end":{}}],"line":33},"1":{"loc":{"start":{"line":36,"column":4},"end":{"line":38,"column":null}},"type":"if","locations":[{"start":{"line":36,"column":4},"end":{"line":38,"column":null}},{"start":{},"end":{}}],"line":36},"2":{"loc":{"start":{"line":41,"column":4},"end":{"line":45,"column":null}},"type":"if","locations":[{"start":{"line":41,"column":4},"end":{"line":45,"column":null}},{"start":{},"end":{}}],"line":41},"3":{"loc":{"start":{"line":50,"column":4},"end":{"line":52,"column":null}},"type":"if","locations":[{"start":{"line":50,"column":4},"end":{"line":52,"column":null}},{"start":{},"end":{}}],"line":50},"4":{"loc":{"start":{"line":53,"column":4},"end":{"line":55,"column":null}},"type":"if","locations":[{"start":{"line":53,"column":4},"end":{"line":55,"column":null}},{"start":{},"end":{}}],"line":53},"5":{"loc":{"start":{"line":58,"column":4},"end":{"line":62,"column":null}},"type":"if","locations":[{"start":{"line":58,"column":4},"end":{"line":62,"column":null}},{"start":{},"end":{}}],"line":58}},"s":{"0":18,"1":18,"2":5,"3":1,"4":4,"5":1,"6":3,"7":3,"8":1,"9":2,"10":5,"11":1,"12":4,"13":1,"14":3,"15":3,"16":1,"17":2},"f":{"0":18,"1":1,"2":5,"3":5},"b":{"0":[1,4],"1":[1,3],"2":[1,2],"3":[1,4],"4":[1,3],"5":[1,2]},"meta":{"lastBranch":6,"lastFunction":4,"lastStatement":18,"seen":{"f:6:10:6:Infinity":0,"s:13:4:13:Infinity":0,"f:16:9:16:Infinity":1,"s:23:4:29:Infinity":1,"f:32:2:32:16":2,"b:33:4:35:Infinity:undefined:undefined:undefined:undefined":0,"s:33:4:35:Infinity":2,"s:34:6:34:Infinity":3,"b:36:4:38:Infinity:undefined:undefined:undefined:undefined":1,"s:36:4:38:Infinity":4,"s:37:6:37:Infinity":5,"s:40:20:40:Infinity":6,"b:41:4:45:Infinity:undefined:undefined:undefined:undefined":2,"s:41:4:45:Infinity":7,"s:42:6:44:Infinity":8,"s:46:4:46:Infinity":9,"f:49:2:49:13":3,"b:50:4:52:Infinity:undefined:undefined:undefined:undefined":3,"s:50:4:52:Infinity":10,"s:51:6:51:Infinity":11,"b:53:4:55:Infinity:undefined:undefined:undefined:undefined":4,"s:53:4:55:Infinity":12,"s:54:6:54:Infinity":13,"s:57:20:57:Infinity":14,"b:58:4:62:Infinity:undefined:undefined:undefined:undefined":5,"s:58:4:62:Infinity":15,"s:59:6:61:Infinity":16,"s:63:4:63:Infinity":17}}}
,"C:\\git\\habit-tracking-api\\src\\domains\\habit\\models\\habit-cue.ts": {"path":"C:\\git\\habit-tracking-api\\src\\domains\\habit\\models\\habit-cue.ts","statementMap":{"0":{"start":{"line":8,"column":4},"end":{"line":8,"column":null}},"1":{"start":{"line":9,"column":4},"end":{"line":9,"column":null}},"2":{"start":{"line":13,"column":4},"end":{"line":15,"column":null}},"3":{"start":{"line":14,"column":6},"end":{"line":14,"column":null}},"4":{"start":{"line":17,"column":4},"end":{"line":17,"column":null}},"5":{"start":{"line":21,"column":4},"end":{"line":21,"column":null}}},"fnMap":{"0":{"name":"(anonymous_0)","decl":{"start":{"line":7,"column":10},"end":{"line":7,"column":22}},"loc":{"start":{"line":7,"column":43},"end":{"line":10,"column":null}},"line":7},"1":{"name":"(anonymous_1)","decl":{"start":{"line":12,"column":9},"end":{"line":12,"column":16}},"loc":{"start":{"line":12,"column":47},"end":{"line":18,"column":null}},"line":12},"2":{"name":"(anonymous_2)","decl":{"start":{"line":20,"column":2},"end":{"line":20,"column":27}},"loc":{"start":{"line":20,"column":27},"end":{"line":22,"column":null}},"line":20}},"branchMap":{"0":{"loc":{"start":{"line":13,"column":4},"end":{"line":15,"column":null}},"type":"if","locations":[{"start":{"line":13,"column":4},"end":{"line":15,"column":null}},{"start":{},"end":{}}],"line":13},"1":{"loc":{"start":{"line":13,"column":8},"end":{"line":13,"column":57}},"type":"binary-expr","locations":[{"start":{"line":13,"column":8},"end":{"line":13,"column":24}},{"start":{"line":13,"column":24},"end":{"line":13,"column":57}}],"line":13}},"s":{"0":28,"1":28,"2":29,"3":1,"4":28,"5":1},"f":{"0":28,"1":3,"2":1},"b":{"0":[1,28],"1":[29,28]},"meta":{"lastBranch":2,"lastFunction":3,"lastStatement":6,"seen":{"f:7:10:7:22":0,"s:8:4:8:Infinity":0,"s:9:4:9:Infinity":1,"f:12:9:12:16":1,"b:13:4:15:Infinity:undefined:undefined:undefined:undefined":0,"s:13:4:15:Infinity":2,"b:13:8:13:24:13:24:13:57":1,"s:14:6:14:Infinity":3,"s:17:4:17:Infinity":4,"f:20:2:20:27":2,"s:21:4:21:Infinity":5}}}
,"C:\\git\\habit-tracking-api\\src\\domains\\habit\\models\\habit-frequency.ts": {"path":"C:\\git\\habit-tracking-api\\src\\domains\\habit\\models\\habit-frequency.ts","statementMap":{"0":{"start":{"line":8,"column":4},"end":{"line":8,"column":null}},"1":{"start":{"line":9,"column":4},"end":{"line":13,"column":null}},"2":{"start":{"line":10,"column":6},"end":{"line":12,"column":null}},"3":{"start":{"line":14,"column":4},"end":{"line":14,"column":null}},"4":{"start":{"line":21,"column":4},"end":{"line":21,"column":null}}},"fnMap":{"0":{"name":"(anonymous_0)","decl":{"start":{"line":7,"column":10},"end":{"line":7,"column":22}},"loc":{"start":{"line":7,"column":77},"end":{"line":15,"column":null}},"line":7},"1":{"name":"(anonymous_1)","decl":{"start":{"line":17,"column":9},"end":{"line":17,"column":null}},"loc":{"start":{"line":20,"column":20},"end":{"line":22,"column":null}},"line":20}},"branchMap":{"0":{"loc":{"start":{"line":9,"column":4},"end":{"line":13,"column":null}},"type":"if","locations":[{"start":{"line":9,"column":4},"end":{"line":13,"column":null}},{"start":{},"end":{}}],"line":9},"1":{"loc":{"start":{"line":9,"column":4},"end":{"line":9,"column":73}},"type":"binary-expr","locations":[{"start":{"line":9,"column":9},"end":{"line":9,"column":34}},{"start":{"line":9,"column":34},"end":{"line":9,"column":60}},{"start":{"line":9,"column":60},"end":{"line":9,"column":73}}],"line":9}},"s":{"0":51,"1":51,"2":2,"3":49,"4":51},"f":{"0":51,"1":4},"b":{"0":[2,49],"1":[51,49,4]},"meta":{"lastBranch":2,"lastFunction":2,"lastStatement":5,"seen":{"f:7:10:7:22":0,"s:8:4:8:Infinity":0,"b:9:4:13:Infinity:undefined:undefined:undefined:undefined":0,"s:9:4:13:Infinity":1,"b:9:9:9:34:9:34:9:60:9:60:9:73":1,"s:10:6:12:Infinity":2,"s:14:4:14:Infinity":3,"f:17:9:17:Infinity":1,"s:21:4:21:Infinity":4}}}
,"C:\\git\\habit-tracking-api\\src\\domains\\habit\\models\\habit-quantity.ts": {"path":"C:\\git\\habit-tracking-api\\src\\domains\\habit\\models\\habit-quantity.ts","statementMap":{"0":{"start":{"line":13,"column":4},"end":{"line":15,"column":null}},"1":{"start":{"line":14,"column":6},"end":{"line":14,"column":null}},"2":{"start":{"line":17,"column":4},"end":{"line":17,"column":null}},"3":{"start":{"line":18,"column":4},"end":{"line":18,"column":null}},"4":{"start":{"line":19,"column":4},"end":{"line":19,"column":null}},"5":{"start":{"line":27,"column":4},"end":{"line":27,"column":null}}},"fnMap":{"0":{"name":"(anonymous_0)","decl":{"start":{"line":8,"column":10},"end":{"line":8,"column":null}},"loc":{"start":{"line":12,"column":4},"end":{"line":20,"column":null}},"line":12},"1":{"name":"(anonymous_1)","decl":{"start":{"line":22,"column":9},"end":{"line":22,"column":null}},"loc":{"start":{"line":26,"column":19},"end":{"line":28,"column":null}},"line":26}},"branchMap":{"0":{"loc":{"start":{"line":13,"column":4},"end":{"line":15,"column":null}},"type":"if","locations":[{"start":{"line":13,"column":4},"end":{"line":15,"column":null}},{"start":{},"end":{}}],"line":13}},"s":{"0":27,"1":1,"2":26,"3":26,"4":26,"5":27},"f":{"0":27,"1":2},"b":{"0":[1,26]},"meta":{"lastBranch":1,"lastFunction":2,"lastStatement":6,"seen":{"f:8:10:8:Infinity":0,"b:13:4:15:Infinity:undefined:undefined:undefined:undefined":0,"s:13:4:15:Infinity":0,"s:14:6:14:Infinity":1,"s:17:4:17:Infinity":2,"s:18:4:18:Infinity":3,"s:19:4:19:Infinity":4,"f:22:9:22:Infinity":1,"s:27:4:27:Infinity":5}}}
,"C:\\git\\habit-tracking-api\\src\\domains\\habit\\models\\habit-schedule.ts": {"path":"C:\\git\\habit-tracking-api\\src\\domains\\habit\\models\\habit-schedule.ts","statementMap":{"0":{"start":{"line":13,"column":4},"end":{"line":13,"column":null}},"1":{"start":{"line":14,"column":4},"end":{"line":14,"column":null}},"2":{"start":{"line":15,"column":4},"end":{"line":15,"column":null}},"3":{"start":{"line":23,"column":4},"end":{"line":25,"column":null}},"4":{"start":{"line":24,"column":6},"end":{"line":24,"column":null}},"5":{"start":{"line":26,"column":4},"end":{"line":26,"column":null}},"6":{"start":{"line":30,"column":4},"end":{"line":30,"column":null}},"7":{"start":{"line":34,"column":4},"end":{"line":34,"column":null}},"8":{"start":{"line":38,"column":4},"end":{"line":38,"column":null}}},"fnMap":{"0":{"name":"(anonymous_0)","decl":{"start":{"line":8,"column":10},"end":{"line":8,"column":null}},"loc":{"start":{"line":12,"column":4},"end":{"line":16,"column":null}},"line":12},"1":{"name":"(anonymous_1)","decl":{"start":{"line":18,"column":9},"end":{"line":18,"column":null}},"loc":{"start":{"line":22,"column":19},"end":{"line":27,"column":null}},"line":22},"2":{"name":"(anonymous_2)","decl":{"start":{"line":29,"column":2},"end":{"line":29,"column":23}},"loc":{"start":{"line":29,"column":23},"end":{"line":31,"column":null}},"line":29},"3":{"name":"(anonymous_3)","decl":{"start":{"line":33,"column":2},"end":{"line":33,"column":33}},"loc":{"start":{"line":33,"column":33},"end":{"line":35,"column":null}},"line":33},"4":{"name":"(anonymous_4)","decl":{"start":{"line":37,"column":2},"end":{"line":37,"column":33}},"loc":{"start":{"line":37,"column":33},"end":{"line":39,"column":null}},"line":37}},"branchMap":{"0":{"loc":{"start":{"line":23,"column":4},"end":{"line":25,"column":null}},"type":"if","locations":[{"start":{"line":23,"column":4},"end":{"line":25,"column":null}},{"start":{},"end":{}}],"line":23},"1":{"loc":{"start":{"line":23,"column":8},"end":{"line":23,"column":40}},"type":"binary-expr","locations":[{"start":{"line":23,"column":8},"end":{"line":23,"column":19}},{"start":{"line":23,"column":19},"end":{"line":23,"column":40}}],"line":23}},"s":{"0":45,"1":45,"2":45,"3":46,"4":1,"5":45,"6":2,"7":2,"8":2},"f":{"0":45,"1":3,"2":2,"3":2,"4":2},"b":{"0":[1,45],"1":[46,2]},"meta":{"lastBranch":2,"lastFunction":5,"lastStatement":9,"seen":{"f:8:10:8:Infinity":0,"s:13:4:13:Infinity":0,"s:14:4:14:Infinity":1,"s:15:4:15:Infinity":2,"f:18:9:18:Infinity":1,"b:23:4:25:Infinity:undefined:undefined:undefined:undefined":0,"s:23:4:25:Infinity":3,"b:23:8:23:19:23:19:23:40":1,"s:24:6:24:Infinity":4,"s:26:4:26:Infinity":5,"f:29:2:29:23":2,"s:30:4:30:Infinity":6,"f:33:2:33:33":3,"s:34:4:34:Infinity":7,"f:37:2:37:33":4,"s:38:4:38:Infinity":8}}}
,"C:\\git\\habit-tracking-api\\src\\domains\\habit\\models\\habit.ts": {"path":"C:\\git\\habit-tracking-api\\src\\domains\\habit\\models\\habit.ts","statementMap":{"0":{"start":{"line":16,"column":2},"end":{"line":16,"column":null}},"1":{"start":{"line":26,"column":4},"end":{"line":28,"column":null}},"2":{"start":{"line":27,"column":6},"end":{"line":27,"column":null}},"3":{"start":{"line":30,"column":4},"end":{"line":32,"column":null}},"4":{"start":{"line":31,"column":6},"end":{"line":31,"column":null}},"5":{"start":{"line":34,"column":4},"end":{"line":34,"column":null}},"6":{"start":{"line":35,"column":4},"end":{"line":35,"column":null}},"7":{"start":{"line":36,"column":4},"end":{"line":36,"column":null}},"8":{"start":{"line":37,"column":4},"end":{"line":37,"column":null}},"9":{"start":{"line":38,"column":4},"end":{"line":38,"column":null}},"10":{"start":{"line":39,"column":4},"end":{"line":39,"column":null}},"11":{"start":{"line":40,"column":4},"end":{"line":40,"column":null}},"12":{"start":{"line":41,"column":4},"end":{"line":41,"column":null}},"13":{"start":{"line":50,"column":4},"end":{"line":50,"column":null}},"14":{"start":{"line":59,"column":4},"end":{"line":59,"column":null}},"15":{"start":{"line":68,"column":4},"end":{"line":68,"column":null}},"16":{"start":{"line":72,"column":4},"end":{"line":72,"column":null}},"17":{"start":{"line":76,"column":4},"end":{"line":76,"column":null}},"18":{"start":{"line":85,"column":4},"end":{"line":87,"column":null}},"19":{"start":{"line":86,"column":6},"end":{"line":86,"column":null}},"20":{"start":{"line":88,"column":4},"end":{"line":88,"column":null}},"21":{"start":{"line":124,"column":4},"end":{"line":126,"column":null}},"22":{"start":{"line":125,"column":6},"end":{"line":125,"column":null}},"23":{"start":{"line":127,"column":4},"end":{"line":127,"column":null}},"24":{"start":{"line":131,"column":4},"end":{"line":133,"column":null}},"25":{"start":{"line":132,"column":6},"end":{"line":132,"column":null}},"26":{"start":{"line":134,"column":4},"end":{"line":134,"column":null}},"27":{"start":{"line":138,"column":4},"end":{"line":140,"column":null}},"28":{"start":{"line":139,"column":6},"end":{"line":139,"column":null}},"29":{"start":{"line":141,"column":4},"end":{"line":141,"column":null}},"30":{"start":{"line":145,"column":4},"end":{"line":147,"column":null}},"31":{"start":{"line":146,"column":6},"end":{"line":146,"column":null}},"32":{"start":{"line":148,"column":4},"end":{"line":148,"column":null}},"33":{"start":{"line":155,"column":4},"end":{"line":157,"column":null}},"34":{"start":{"line":156,"column":6},"end":{"line":156,"column":null}},"35":{"start":{"line":158,"column":4},"end":{"line":160,"column":null}},"36":{"start":{"line":159,"column":6},"end":{"line":159,"column":null}},"37":{"start":{"line":162,"column":20},"end":{"line":162,"column":null}},"38":{"start":{"line":163,"column":4},"end":{"line":167,"column":null}},"39":{"start":{"line":164,"column":6},"end":{"line":166,"column":null}},"40":{"start":{"line":168,"column":4},"end":{"line":168,"column":null}}},"fnMap":{"0":{"name":"(anonymous_0)","decl":{"start":{"line":18,"column":2},"end":{"line":18,"column":null}},"loc":{"start":{"line":25,"column":4},"end":{"line":42,"column":null}},"line":25},"1":{"name":"(anonymous_1)","decl":{"start":{"line":49,"column":2},"end":{"line":49,"column":20}},"loc":{"start":{"line":49,"column":20},"end":{"line":51,"column":null}},"line":49},"2":{"name":"(anonymous_2)","decl":{"start":{"line":58,"column":2},"end":{"line":58,"column":44}},"loc":{"start":{"line":58,"column":44},"end":{"line":60,"column":null}},"line":58},"3":{"name":"(anonymous_3)","decl":{"start":{"line":67,"column":2},"end":{"line":67,"column":27}},"loc":{"start":{"line":67,"column":27},"end":{"line":69,"column":null}},"line":67},"4":{"name":"(anonymous_4)","decl":{"start":{"line":71,"column":2},"end":{"line":71,"column":31}},"loc":{"start":{"line":71,"column":31},"end":{"line":73,"column":null}},"line":71},"5":{"name":"(anonymous_5)","decl":{"start":{"line":75,"column":2},"end":{"line":75,"column":33}},"loc":{"start":{"line":75,"column":33},"end":{"line":77,"column":null}},"line":75},"6":{"name":"(anonymous_6)","decl":{"start":{"line":84,"column":2},"end":{"line":84,"column":10}},"loc":{"start":{"line":84,"column":30},"end":{"line":89,"column":null}},"line":84},"7":{"name":"(anonymous_7)","decl":{"start":{"line":123,"column":2},"end":{"line":123,"column":13}},"loc":{"start":{"line":123,"column":13},"end":{"line":128,"column":null}},"line":123},"8":{"name":"(anonymous_8)","decl":{"start":{"line":130,"column":2},"end":{"line":130,"column":15}},"loc":{"start":{"line":130,"column":15},"end":{"line":135,"column":null}},"line":130},"9":{"name":"(anonymous_9)","decl":{"start":{"line":137,"column":2},"end":{"line":137,"column":12}},"loc":{"start":{"line":137,"column":12},"end":{"line":142,"column":null}},"line":137},"10":{"name":"(anonymous_10)","decl":{"start":{"line":144,"column":2},"end":{"line":144,"column":14}},"loc":{"start":{"line":144,"column":14},"end":{"line":149,"column":null}},"line":144},"11":{"name":"(anonymous_11)","decl":{"start":{"line":154,"column":2},"end":{"line":154,"column":14}},"loc":{"start":{"line":154,"column":32},"end":{"line":169,"column":null}},"line":154}},"branchMap":{"0":{"loc":{"start":{"line":26,"column":4},"end":{"line":28,"column":null}},"type":"if","locations":[{"start":{"line":26,"column":4},"end":{"line":28,"column":null}},{"start":{},"end":{}}],"line":26},"1":{"loc":{"start":{"line":26,"column":8},"end":{"line":26,"column":43}},"type":"binary-expr","locations":[{"start":{"line":26,"column":8},"end":{"line":26,"column":17}},{"start":{"line":26,"column":17},"end":{"line":26,"column":43}}],"line":26},"2":{"loc":{"start":{"line":30,"column":4},"end":{"line":32,"column":null}},"type":"if","locations":[{"start":{"line":30,"column":4},"end":{"line":32,"column":null}},{"start":{},"end":{}}],"line":30},"3":{"loc":{"start":{"line":85,"column":4},"end":{"line":87,"column":null}},"type":"if","locations":[{"start":{"line":85,"column":4},"end":{"line":87,"column":null}},{"start":{},"end":{}}],"line":85},"4":{"loc":{"start":{"line":85,"column":8},"end":{"line":85,"column":43}},"type":"binary-expr","locations":[{"start":{"line":85,"column":8},"end":{"line":85,"column":17}},{"start":{"line":85,"column":17},"end":{"line":85,"column":43}}],"line":85},"5":{"loc":{"start":{"line":124,"column":4},"end":{"line":126,"column":null}},"type":"if","locations":[{"start":{"line":124,"column":4},"end":{"line":126,"column":null}},{"start":{},"end":{}}],"line":124},"6":{"loc":{"start":{"line":131,"column":4},"end":{"line":133,"column":null}},"type":"if","locations":[{"start":{"line":131,"column":4},"end":{"line":133,"column":null}},{"start":{},"end":{}}],"line":131},"7":{"loc":{"start":{"line":138,"column":4},"end":{"line":140,"column":null}},"type":"if","locations":[{"start":{"line":138,"column":4},"end":{"line":140,"column":null}},{"start":{},"end":{}}],"line":138},"8":{"loc":{"start":{"line":145,"column":4},"end":{"line":147,"column":null}},"type":"if","locations":[{"start":{"line":145,"column":4},"end":{"line":147,"column":null}},{"start":{},"end":{}}],"line":145},"9":{"loc":{"start":{"line":155,"column":4},"end":{"line":157,"column":null}},"type":"if","locations":[{"start":{"line":155,"column":4},"end":{"line":157,"column":null}},{"start":{},"end":{}}],"line":155},"10":{"loc":{"start":{"line":158,"column":4},"end":{"line":160,"column":null}},"type":"if","locations":[{"start":{"line":158,"column":4},"end":{"line":160,"column":null}},{"start":{},"end":{}}],"line":158},"11":{"loc":{"start":{"line":163,"column":4},"end":{"line":167,"column":null}},"type":"if","locations":[{"start":{"line":163,"column":4},"end":{"line":167,"column":null}},{"start":{},"end":{}}],"line":163}},"s":{"0":44,"1":44,"2":1,"3":43,"4":1,"5":42,"6":42,"7":42,"8":42,"9":42,"10":42,"11":42,"12":42,"13":5,"14":1,"15":68,"16":4,"17":3,"18":2,"19":1,"20":1,"21":0,"22":0,"23":0,"24":0,"25":0,"26":0,"27":0,"28":0,"29":0,"30":0,"31":0,"32":0,"33":5,"34":1,"35":4,"36":1,"37":3,"38":3,"39":1,"40":2},"f":{"0":44,"1":5,"2":1,"3":68,"4":4,"5":3,"6":2,"7":0,"8":0,"9":0,"10":0,"11":5},"b":{"0":[1,43],"1":[44,43],"2":[1,42],"3":[1,1],"4":[2,1],"5":[0,0],"6":[0,0],"7":[0,0],"8":[0,0],"9":[1,4],"10":[1,3],"11":[1,2]},"meta":{"lastBranch":12,"lastFunction":12,"lastStatement":41,"seen":{"f:18:2:18:Infinity":0,"s:16:2:16:Infinity":0,"b:26:4:28:Infinity:undefined:undefined:undefined:undefined":0,"s:26:4:28:Infinity":1,"b:26:8:26:17:26:17:26:43":1,"s:27:6:27:Infinity":2,"b:30:4:32:Infinity:undefined:undefined:undefined:undefined":2,"s:30:4:32:Infinity":3,"s:31:6:31:Infinity":4,"s:34:4:34:Infinity":5,"s:35:4:35:Infinity":6,"s:36:4:36:Infinity":7,"s:37:4:37:Infinity":8,"s:38:4:38:Infinity":9,"s:39:4:39:Infinity":10,"s:40:4:40:Infinity":11,"s:41:4:41:Infinity":12,"f:49:2:49:20":1,"s:50:4:50:Infinity":13,"f:58:2:58:44":2,"s:59:4:59:Infinity":14,"f:67:2:67:27":3,"s:68:4:68:Infinity":15,"f:71:2:71:31":4,"s:72:4:72:Infinity":16,"f:75:2:75:33":5,"s:76:4:76:Infinity":17,"f:84:2:84:10":6,"b:85:4:87:Infinity:undefined:undefined:undefined:undefined":3,"s:85:4:87:Infinity":18,"b:85:8:85:17:85:17:85:43":4,"s:86:6:86:Infinity":19,"s:88:4:88:Infinity":20,"f:123:2:123:13":7,"b:124:4:126:Infinity:undefined:undefined:undefined:undefined":5,"s:124:4:126:Infinity":21,"s:125:6:125:Infinity":22,"s:127:4:127:Infinity":23,"f:130:2:130:15":8,"b:131:4:133:Infinity:undefined:undefined:undefined:undefined":6,"s:131:4:133:Infinity":24,"s:132:6:132:Infinity":25,"s:134:4:134:Infinity":26,"f:137:2:137:12":9,"b:138:4:140:Infinity:undefined:undefined:undefined:undefined":7,"s:138:4:140:Infinity":27,"s:139:6:139:Infinity":28,"s:141:4:141:Infinity":29,"f:144:2:144:14":10,"b:145:4:147:Infinity:undefined:undefined:undefined:undefined":8,"s:145:4:147:Infinity":30,"s:146:6:146:Infinity":31,"s:148:4:148:Infinity":32,"f:154:2:154:14":11,"b:155:4:157:Infinity:undefined:undefined:undefined:undefined":9,"s:155:4:157:Infinity":33,"s:156:6:156:Infinity":34,"b:158:4:160:Infinity:undefined:undefined:undefined:undefined":10,"s:158:4:160:Infinity":35,"s:159:6:159:Infinity":36,"s:162:20:162:Infinity":37,"b:163:4:167:Infinity:undefined:undefined:undefined:undefined":11,"s:163:4:167:Infinity":38,"s:164:6:166:Infinity":39,"s:168:4:168:Infinity":40}}}
,"C:\\git\\habit-tracking-api\\src\\domains\\habit\\models\\measured-habit.ts": {"path":"C:\\git\\habit-tracking-api\\src\\domains\\habit\\models\\measured-habit.ts","statementMap":{"0":{"start":{"line":17,"column":4},"end":{"line":17,"column":null}},"1":{"start":{"line":7,"column":2},"end":{"line":7,"column":null}},"2":{"start":{"line":18,"column":4},"end":{"line":20,"column":null}},"3":{"start":{"line":19,"column":6},"end":{"line":19,"column":null}},"4":{"start":{"line":21,"column":4},"end":{"line":21,"column":null}},"5":{"start":{"line":31,"column":4},"end":{"line":31,"column":null}},"6":{"start":{"line":35,"column":4},"end":{"line":37,"column":null}},"7":{"start":{"line":36,"column":6},"end":{"line":36,"column":null}},"8":{"start":{"line":38,"column":4},"end":{"line":40,"column":null}},"9":{"start":{"line":39,"column":6},"end":{"line":39,"column":null}},"10":{"start":{"line":42,"column":4},"end":{"line":44,"column":null}},"11":{"start":{"line":43,"column":6},"end":{"line":43,"column":null}},"12":{"start":{"line":46,"column":20},"end":{"line":46,"column":null}},"13":{"start":{"line":47,"column":4},"end":{"line":47,"column":null}},"14":{"start":{"line":49,"column":4},"end":{"line":49,"column":null}},"15":{"start":{"line":53,"column":4},"end":{"line":55,"column":null}},"16":{"start":{"line":54,"column":6},"end":{"line":54,"column":null}},"17":{"start":{"line":56,"column":4},"end":{"line":58,"column":null}},"18":{"start":{"line":57,"column":6},"end":{"line":57,"column":null}},"19":{"start":{"line":60,"column":4},"end":{"line":62,"column":null}},"20":{"start":{"line":61,"column":6},"end":{"line":61,"column":null}},"21":{"start":{"line":64,"column":20},"end":{"line":64,"column":null}},"22":{"start":{"line":65,"column":28},"end":{"line":65,"column":null}},"23":{"start":{"line":66,"column":4},"end":{"line":66,"column":null}},"24":{"start":{"line":68,"column":4},"end":{"line":68,"column":null}},"25":{"start":{"line":72,"column":20},"end":{"line":72,"column":null}},"26":{"start":{"line":73,"column":21},"end":{"line":73,"column":null}},"27":{"start":{"line":75,"column":4},"end":{"line":77,"column":null}},"28":{"start":{"line":76,"column":6},"end":{"line":76,"column":null}},"29":{"start":{"line":79,"column":4},"end":{"line":86,"column":null}},"30":{"start":{"line":83,"column":6},"end":{"line":83,"column":null}},"31":{"start":{"line":85,"column":6},"end":{"line":85,"column":null}},"32":{"start":{"line":90,"column":20},"end":{"line":90,"column":null}},"33":{"start":{"line":92,"column":4},"end":{"line":94,"column":null}},"34":{"start":{"line":93,"column":6},"end":{"line":93,"column":null}},"35":{"start":{"line":96,"column":4},"end":{"line":100,"column":null}},"36":{"start":{"line":97,"column":6},"end":{"line":97,"column":null}},"37":{"start":{"line":99,"column":6},"end":{"line":99,"column":null}},"38":{"start":{"line":104,"column":4},"end":{"line":106,"column":null}},"39":{"start":{"line":110,"column":4},"end":{"line":112,"column":null}}},"fnMap":{"0":{"name":"(anonymous_0)","decl":{"start":{"line":10,"column":10},"end":{"line":10,"column":null}},"loc":{"start":{"line":16,"column":4},"end":{"line":22,"column":null}},"line":16},"1":{"name":"(anonymous_1)","decl":{"start":{"line":24,"column":9},"end":{"line":24,"column":null}},"loc":{"start":{"line":30,"column":19},"end":{"line":32,"column":null}},"line":30},"2":{"name":"(anonymous_2)","decl":{"start":{"line":34,"column":2},"end":{"line":34,"column":14}},"loc":{"start":{"line":34,"column":47},"end":{"line":50,"column":null}},"line":34},"3":{"name":"(anonymous_3)","decl":{"start":{"line":52,"column":2},"end":{"line":52,"column":14}},"loc":{"start":{"line":52,"column":47},"end":{"line":69,"column":null}},"line":52},"4":{"name":"(anonymous_4)","decl":{"start":{"line":71,"column":2},"end":{"line":71,"column":18}},"loc":{"start":{"line":71,"column":36},"end":{"line":87,"column":null}},"line":71},"5":{"name":"(anonymous_5)","decl":{"start":{"line":89,"column":2},"end":{"line":89,"column":14}},"loc":{"start":{"line":89,"column":41},"end":{"line":101,"column":null}},"line":89},"6":{"name":"(anonymous_6)","decl":{"start":{"line":103,"column":2},"end":{"line":103,"column":16}},"loc":{"start":{"line":103,"column":29},"end":{"line":107,"column":null}},"line":103},"7":{"name":"(anonymous_7)","decl":{"start":{"line":109,"column":2},"end":{"line":109,"column":13}},"loc":{"start":{"line":109,"column":26},"end":{"line":113,"column":null}},"line":109}},"branchMap":{"0":{"loc":{"start":{"line":18,"column":4},"end":{"line":20,"column":null}},"type":"if","locations":[{"start":{"line":18,"column":4},"end":{"line":20,"column":null}},{"start":{},"end":{}}],"line":18},"1":{"loc":{"start":{"line":35,"column":4},"end":{"line":37,"column":null}},"type":"if","locations":[{"start":{"line":35,"column":4},"end":{"line":37,"column":null}},{"start":{},"end":{}}],"line":35},"2":{"loc":{"start":{"line":38,"column":4},"end":{"line":40,"column":null}},"type":"if","locations":[{"start":{"line":38,"column":4},"end":{"line":40,"column":null}},{"start":{},"end":{}}],"line":38},"3":{"loc":{"start":{"line":42,"column":4},"end":{"line":44,"column":null}},"type":"if","locations":[{"start":{"line":42,"column":4},"end":{"line":44,"column":null}},{"start":{},"end":{}}],"line":42},"4":{"loc":{"start":{"line":53,"column":4},"end":{"line":55,"column":null}},"type":"if","locations":[{"start":{"line":53,"column":4},"end":{"line":55,"column":null}},{"start":{},"end":{}}],"line":53},"5":{"loc":{"start":{"line":56,"column":4},"end":{"line":58,"column":null}},"type":"if","locations":[{"start":{"line":56,"column":4},"end":{"line":58,"column":null}},{"start":{},"end":{}}],"line":56},"6":{"loc":{"start":{"line":60,"column":4},"end":{"line":62,"column":null}},"type":"if","locations":[{"start":{"line":60,"column":4},"end":{"line":62,"column":null}},{"start":{},"end":{}}],"line":60},"7":{"loc":{"start":{"line":65,"column":28},"end":{"line":65,"column":null}},"type":"binary-expr","locations":[{"start":{"line":65,"column":28},"end":{"line":65,"column":65}},{"start":{"line":65,"column":65},"end":{"line":65,"column":null}}],"line":65},"8":{"loc":{"start":{"line":75,"column":4},"end":{"line":77,"column":null}},"type":"if","locations":[{"start":{"line":75,"column":4},"end":{"line":77,"column":null}},{"start":{},"end":{}}],"line":75},"9":{"loc":{"start":{"line":79,"column":4},"end":{"line":86,"column":null}},"type":"if","locations":[{"start":{"line":79,"column":4},"end":{"line":86,"column":null}},{"start":{"line":84,"column":11},"end":{"line":86,"column":null}}],"line":79},"10":{"loc":{"start":{"line":80,"column":6},"end":{"line":81,"column":null}},"type":"binary-expr","locations":[{"start":{"line":80,"column":6},"end":{"line":80,"column":null}},{"start":{"line":81,"column":6},"end":{"line":81,"column":null}}],"line":80},"11":{"loc":{"start":{"line":92,"column":4},"end":{"line":94,"column":null}},"type":"if","locations":[{"start":{"line":92,"column":4},"end":{"line":94,"column":null}},{"start":{},"end":{}}],"line":92},"12":{"loc":{"start":{"line":93,"column":13},"end":{"line":93,"column":null}},"type":"binary-expr","locations":[{"start":{"line":93,"column":13},"end":{"line":93,"column":50}},{"start":{"line":93,"column":50},"end":{"line":93,"column":null}}],"line":93},"13":{"loc":{"start":{"line":96,"column":4},"end":{"line":100,"column":null}},"type":"if","locations":[{"start":{"line":96,"column":4},"end":{"line":100,"column":null}},{"start":{"line":98,"column":11},"end":{"line":100,"column":null}}],"line":96}},"s":{"0":26,"1":26,"2":26,"3":1,"4":25,"5":26,"6":12,"7":1,"8":11,"9":1,"10":10,"11":2,"12":8,"13":8,"14":8,"15":9,"16":2,"17":7,"18":1,"19":6,"20":1,"21":5,"22":5,"23":9,"24":9,"25":13,"26":13,"27":13,"28":0,"29":13,"30":5,"31":8,"32":6,"33":6,"34":4,"35":2,"36":1,"37":1,"38":1,"39":1},"f":{"0":26,"1":1,"2":12,"3":9,"4":13,"5":6,"6":1,"7":1},"b":{"0":[1,25],"1":[1,11],"2":[1,10],"3":[2,8],"4":[2,7],"5":[1,6],"6":[1,5],"7":[5,4],"8":[0,13],"9":[5,8],"10":[13,13],"11":[4,2],"12":[4,0],"13":[1,1]},"meta":{"lastBranch":14,"lastFunction":8,"lastStatement":40,"seen":{"f:10:10:10:Infinity":0,"s:17:4:17:Infinity":0,"s:7:2:7:Infinity":1,"b:18:4:20:Infinity:undefined:undefined:undefined:undefined":0,"s:18:4:20:Infinity":2,"s:19:6:19:Infinity":3,"s:21:4:21:Infinity":4,"f:24:9:24:Infinity":1,"s:31:4:31:Infinity":5,"f:34:2:34:14":2,"b:35:4:37:Infinity:undefined:undefined:undefined:undefined":1,"s:35:4:37:Infinity":6,"s:36:6:36:Infinity":7,"b:38:4:40:Infinity:undefined:undefined:undefined:undefined":2,"s:38:4:40:Infinity":8,"s:39:6:39:Infinity":9,"b:42:4:44:Infinity:undefined:undefined:undefined:undefined":3,"s:42:4:44:Infinity":10,"s:43:6:43:Infinity":11,"s:46:20:46:Infinity":12,"s:47:4:47:Infinity":13,"s:49:4:49:Infinity":14,"f:52:2:52:14":3,"b:53:4:55:Infinity:undefined:undefined:undefined:undefined":4,"s:53:4:55:Infinity":15,"s:54:6:54:Infinity":16,"b:56:4:58:Infinity:undefined:undefined:undefined:undefined":5,"s:56:4:58:Infinity":17,"s:57:6:57:Infinity":18,"b:60:4:62:Infinity:undefined:undefined:undefined:undefined":6,"s:60:4:62:Infinity":19,"s:61:6:61:Infinity":20,"s:64:20:64:Infinity":21,"s:65:28:65:Infinity":22,"b:65:28:65:65:65:65:65:Infinity":7,"s:66:4:66:Infinity":23,"s:68:4:68:Infinity":24,"f:71:2:71:18":4,"s:72:20:72:Infinity":25,"s:73:21:73:Infinity":26,"b:75:4:77:Infinity:undefined:undefined:undefined:undefined":8,"s:75:4:77:Infinity":27,"s:76:6:76:Infinity":28,"b:79:4:86:Infinity:84:11:86:Infinity":9,"s:79:4:86:Infinity":29,"b:80:6:80:Infinity:81:6:81:Infinity":10,"s:83:6:83:Infinity":30,"s:85:6:85:Infinity":31,"f:89:2:89:14":5,"s:90:20:90:Infinity":32,"b:92:4:94:Infinity:undefined:undefined:undefined:undefined":11,"s:92:4:94:Infinity":33,"s:93:6:93:Infinity":34,"b:93:13:93:50:93:50:93:Infinity":12,"b:96:4:100:Infinity:98:11:100:Infinity":13,"s:96:4:100:Infinity":35,"s:97:6:97:Infinity":36,"s:99:6:99:Infinity":37,"f:103:2:103:16":6,"s:104:4:106:Infinity":38,"f:109:2:109:13":7,"s:110:4:112:Infinity":39}}}
}
